#
# There is insufficient memory for the Java Runtime Environment to continue.
# Native memory allocation (malloc) failed to allocate 1048576 bytes for AllocateHeap
# Possible reasons:
#   The system is out of physical RAM or swap space
#   In 32 bit mode, the process size limit was hit
# Possible solutions:
#   Reduce memory load on the system
#   Increase physical memory or swap space
#   Check if swap backing store is full
#   Use 64 bit Java on a 64 bit OS
#   Decrease Java heap size (-Xmx/-Xms)
#   Decrease number of Java threads
#   Decrease Java thread stack sizes (-Xss)
#   Set larger code cache with -XX:ReservedCodeCacheSize=
# This output file may be truncated or incomplete.
#
#  Out of Memory Error (memory/allocation.inline.hpp:61), pid=22596, tid=0x0000000000004c44
#
# JRE version:  (8.0_171-b11) (build )
# Java VM: Java HotSpot(TM) 64-Bit Server VM (25.171-b11 mixed mode windows-amd64 compressed oops)
# Failed to write core dump. Minidumps are not enabled by default on client versions of Windows
#

---------------  T H R E A D  ---------------

Current thread (0x0000000003153800):  JavaThread "Unknown thread" [_thread_in_vm, id=19524, stack(0x0000000003040000,0x0000000003140000)]

Stack: [0x0000000003040000,0x0000000003140000]
[error occurred during error reporting (printing stack bounds), id 0xc0000005]

Native frames: (J=compiled Java code, j=interpreted, Vv=VM code, C=native code)


---------------  P R O C E S S  ---------------

Java Threads: ( => current thread )

Other Threads:

=>0x0000000003153800 (exited) JavaThread "Unknown thread" [_thread_in_vm, id=19524, stack(0x0000000003040000,0x0000000003140000)]

VM state:not at safepoint (normal execution)

VM Mutex/Monitor currently owned by a thread: None

Heap:
 PSYoungGen      total 38400K, used 665K [0x00000000d5d80000, 0x00000000d8800000, 0x0000000100000000)
  eden space 33280K, 2% used [0x00000000d5d80000,0x00000000d5e26670,0x00000000d7e00000)
  from space 5120K, 0% used [0x00000000d8300000,0x00000000d8300000,0x00000000d8800000)
  to   space 5120K, 0% used [0x00000000d7e00000,0x00000000d7e00000,0x00000000d8300000)
 ParOldGen       total 87552K, used 0K [0x0000000081800000, 0x0000000086d80000, 0x00000000d5d80000)
  object space 87552K, 0% used [0x0000000081800000,0x0000000081800000,0x0000000086d80000)
 Metaspace       used 774K, capacity 4480K, committed 4480K, reserved 1056768K
  class space    used 76K, capacity 384K, committed 384K, reserved 1048576K

Card table byte_map: [0x0000000012610000,0x0000000012a10000] byte_map_base: 0x0000000012204000

Marking Bits: (ParMarkBitMap*) 0x000000006b8908c0
 Begin Bits: [0x00000000134c0000, 0x0000000015460000)
 End Bits:   [0x0000000015460000, 0x0000000017400000)

Polling page: 0x0000000000ff0000

CodeCache: size=245760Kb used=328Kb max_used=328Kb free=245431Kb
 bounds [0x0000000003250000, 0x00000000034c0000, 0x0000000012250000]
 total_blobs=58 nmethods=0 adapters=38
 compilation: enabled

Compilation events (0 events):
No events

GC Heap History (0 events):
No events

Deoptimization events (0 events):
No events

Classes redefined (0 events):
No events

Internal exceptions (0 events):
No events

Events (10 events):
Event: 0.031 loading class java/lang/Short
Event: 0.031 loading class java/lang/Short done
Event: 0.031 loading class java/lang/Integer
Event: 0.031 loading class java/lang/Integer done
Event: 0.031 loading class java/lang/Long
Event: 0.031 loading class java/lang/Long done
Event: 0.032 loading class java/lang/NullPointerException
Event: 0.032 loading class java/lang/NullPointerException done
Event: 0.032 loading class java/lang/ArithmeticException
Event: 0.032 loading class java/lang/ArithmeticException done


Dynamic libraries:
0x00007ff6f0980000 - 0x00007ff6f09b7000 	C:\Program Files\Java\jdk1.8.0_171\jre\bin\java.exe
0x00007ffd40800000 - 0x00007ffd409f0000 	C:\WINDOWS\SYSTEM32\ntdll.dll
0x00007ffd3ea80000 - 0x00007ffd3eb32000 	C:\WINDOWS\System32\KERNEL32.DLL
0x00007ffd3dd80000 - 0x00007ffd3e023000 	C:\WINDOWS\System32\KERNELBASE.dll
0x00007ffd40010000 - 0x00007ffd400b3000 	C:\WINDOWS\System32\ADVAPI32.dll
0x00007ffd3f100000 - 0x00007ffd3f19e000 	C:\WINDOWS\System32\msvcrt.dll
0x00007ffd3f440000 - 0x00007ffd3f4d7000 	C:\WINDOWS\System32\sechost.dll
0x00007ffd3fd30000 - 0x00007ffd3fe50000 	C:\WINDOWS\System32\RPCRT4.dll
0x00007ffd3f4e0000 - 0x00007ffd3f674000 	C:\WINDOWS\System32\USER32.dll
0x00007ffd3dd50000 - 0x00007ffd3dd71000 	C:\WINDOWS\System32\win32u.dll
0x00007ffd3fb60000 - 0x00007ffd3fb86000 	C:\WINDOWS\System32\GDI32.dll
0x00007ffd3d7e0000 - 0x00007ffd3d974000 	C:\WINDOWS\System32\gdi32full.dll
0x00007ffd3d740000 - 0x00007ffd3d7de000 	C:\WINDOWS\System32\msvcp_win.dll
0x00007ffd3d980000 - 0x00007ffd3da7a000 	C:\WINDOWS\System32\ucrtbase.dll
0x00007ffd27240000 - 0x00007ffd274c5000 	C:\WINDOWS\WinSxS\amd64_microsoft.windows.common-controls_6595b64144ccf1df_6.0.18362.778_none_e6c6b761130d4fb8\COMCTL32.dll
0x00007ffd3ed50000 - 0x00007ffd3f086000 	C:\WINDOWS\System32\combase.dll
0x00007ffd3dcd0000 - 0x00007ffd3dd50000 	C:\WINDOWS\System32\bcryptPrimitives.dll
0x00007ffd3ed20000 - 0x00007ffd3ed4e000 	C:\WINDOWS\System32\IMM32.DLL
0x000000006b910000 - 0x000000006b9e2000 	C:\Program Files\Java\jdk1.8.0_171\jre\bin\msvcr100.dll
0x000000006b070000 - 0x000000006b910000 	C:\Program Files\Java\jdk1.8.0_171\jre\bin\server\jvm.dll
0x00007ffd3f6e0000 - 0x00007ffd3f6e9000 	C:\WINDOWS\System32\WSOCK32.dll
0x00007ffd3fc10000 - 0x00007ffd3fc7f000 	C:\WINDOWS\System32\WS2_32.dll
0x00007ffd40000000 - 0x00007ffd4000a000 	C:\WINDOWS\System32\VERSION.dll
0x00007ffd407b0000 - 0x00007ffd407b8000 	C:\WINDOWS\System32\PSAPI.DLL
0x00007ffd35650000 - 0x00007ffd35674000 	C:\WINDOWS\SYSTEM32\WINMM.dll
0x00007ffd35620000 - 0x00007ffd3564d000 	C:\WINDOWS\SYSTEM32\winmmbase.dll
0x00007ffd3e030000 - 0x00007ffd3e07a000 	C:\WINDOWS\System32\cfgmgr32.dll
0x000000006b060000 - 0x000000006b06f000 	C:\Program Files\Java\jdk1.8.0_171\jre\bin\verify.dll
0x000000006b030000 - 0x000000006b059000 	C:\Program Files\Java\jdk1.8.0_171\jre\bin\java.dll
0x000000006b010000 - 0x000000006b026000 	C:\Program Files\Java\jdk1.8.0_171\jre\bin\zip.dll

VM Arguments:
jvm_args: -Xverify:none -XX:TieredStopAtLevel=1 
java_command: com.java.springboot.demo.myspringbootdemo.MyspringbootdemoApplication
java_class_path (initial): E:\My Study Material\Spring-Tutotial\04-command-line-demo\target\classes;C:\Users\mf11103\.m2\repository\org\springframework\boot\spring-boot-starter-web\2.2.6.RELEASE\spring-boot-starter-web-2.2.6.RELEASE.jar;C:\Users\mf11103\.m2\repository\org\springframework\boot\spring-boot-starter\2.2.6.RELEASE\spring-boot-starter-2.2.6.RELEASE.jar;C:\Users\mf11103\.m2\repository\org\springframework\boot\spring-boot-starter-logging\2.2.6.RELEASE\spring-boot-starter-logging-2.2.6.RELEASE.jar;C:\Users\mf11103\.m2\repository\ch\qos\logback\logback-classic\1.2.3\logback-classic-1.2.3.jar;C:\Users\mf11103\.m2\repository\ch\qos\logback\logback-core\1.2.3\logback-core-1.2.3.jar;C:\Users\mf11103\.m2\repository\org\apache\logging\log4j\log4j-to-slf4j\2.12.1\log4j-to-slf4j-2.12.1.jar;C:\Users\mf11103\.m2\repository\org\apache\logging\log4j\log4j-api\2.12.1\log4j-api-2.12.1.jar;C:\Users\mf11103\.m2\repository\org\slf4j\jul-to-slf4j\1.7.30\jul-to-slf4j-1.7.30.jar;C:\Users\mf11103\.m2\repository\jakarta\annotation\jakarta.annotation-api\1.3.5\jakarta.annotation-api-1.3.5.jar;C:\Users\mf11103\.m2\repository\org\yaml\snakeyaml\1.25\snakeyaml-1.25.jar;C:\Users\mf11103\.m2\repository\org\springframework\boot\spring-boot-starter-json\2.2.6.RELEASE\spring-boot-starter-json-2.2.6.RELEASE.jar;C:\Users\mf11103\.m2\repository\com\fasterxml\jackson\core\jackson-databind\2.10.3\jackson-databind-2.10.3.jar;C:\Users\mf11103\.m2\repository\com\fasterxml\jackson\core\jackson-annotations\2.10.3\jackson-annotations-2.10.3.jar;C:\Users\mf11103\.m2\repository\com\fasterxml\jackson\core\jackson-core\2.10.3\jackson-core-2.10.3.jar;C:\Users\mf11103\.m2\repository\com\fasterxml\jackson\datatype\jackson-datatype-jdk8\2.10.3\jackson-datatype-jdk8-2.10.3.jar;C:\Users\mf11103\.m2\repository\com\fasterxml\jackson\datatype\jackson-datatype-jsr310\2.10.3\jackson-datatype-jsr310-2.10.3.jar;C:\Users\mf11103\.m2\repository\com\fasterxml\jackson\module\jackson-module-parameter-names\2.10.3\jackso
Launcher Type: SUN_STANDARD

Environment Variables:
JAVA_HOME=C:\Program Files\Java\jdk1.8.0_171
CLASSPATH=C:\Program Files\Java\jdk1.8.0_171\bin;%JRE_HOME%\bin;E:\tomcat8Prod\lib;
PATH=C:\WINDOWS\system32;C:\WINDOWS;C:\WINDOWS\system32\Wbem;C:\app\MFMBS\product\12.1.0\dbhome_1\bin;C:\Program Files (x86)\Common Files\Oracle\Java\javapath;C:\WINDOWS\System32\WindowsPowerShell\v1.0\;C:\Program Files\PuTTY\;E:\tomcat8Prod\bin;C:\Program Files\Java\jdk1.7.0_79\bin;C:\WINDOWS\System32\OpenSSH\;C:\Program Files\nodejs\;C:\WINDOWS\System32\Wbem;C:\Users\mf11103\AppData\Local\Programs\Python\Python38-32;C:\Users\mf11103\AppData\Local\Programs\Python\Python38-32\Scripts;C:\Users\mf11103\AppData\Local\Microsoft\WindowsApps;C:\Users\mf11103\AppData\Local\Programs\Git\cmd;;C:\Users\mf11103\AppData\Local\Programs\EmEditor;C:\Users\mf11103\AppData\Local\Programs\Microsoft VS Code\bin
USERNAME=mf11103
OS=Windows_NT
PROCESSOR_IDENTIFIER=Intel64 Family 6 Model 142 Stepping 10, GenuineIntel



---------------  S Y S T E M  ---------------

OS: Windows 10.0 , 64 bit Build 18362 (10.0.18362.778)

CPU:total 8 (initial active 8) (4 cores per cpu, 2 threads per core) family 6 model 142 stepping 10, cmov, cx8, fxsr, mmx, sse, sse2, sse3, ssse3, sse4.1, sse4.2, popcnt, avx, avx2, aes, clmul, erms, 3dnowpref, lzcnt, ht, tsc, tscinvbit, bmi1, bmi2, adx

Memory: 4k page, physical 8282748k(2169140k free), swap 33448572k(8264k free)

vm_info: Java HotSpot(TM) 64-Bit Server VM (25.171-b11) for windows-amd64 JRE (1.8.0_171-b11), built on Mar 28 2018 16:06:12 by "java_re" with MS VC++ 10.0 (VS2010)

time: Mon Apr 27 11:42:03 2020
elapsed time: 0 seconds (0d 0h 0m 0s)

