#
# There is insufficient memory for the Java Runtime Environment to continue.
# Native memory allocation (malloc) failed to allocate 32744 bytes for ChunkPool::allocate
# Possible reasons:
#   The system is out of physical RAM or swap space
#   In 32 bit mode, the process size limit was hit
# Possible solutions:
#   Reduce memory load on the system
#   Increase physical memory or swap space
#   Check if swap backing store is full
#   Use 64 bit Java on a 64 bit OS
#   Decrease Java heap size (-Xmx/-Xms)
#   Decrease number of Java threads
#   Decrease Java thread stack sizes (-Xss)
#   Set larger code cache with -XX:ReservedCodeCacheSize=
# This output file may be truncated or incomplete.
#
#  Out of Memory Error (allocation.cpp:273), pid=3400, tid=0x0000000000004d10
#
# JRE version: Java(TM) SE Runtime Environment (8.0_171-b11) (build 1.8.0_171-b11)
# Java VM: Java HotSpot(TM) 64-Bit Server VM (25.171-b11 mixed mode windows-amd64 compressed oops)
# Failed to write core dump. Minidumps are not enabled by default on client versions of Windows
#

---------------  T H R E A D  ---------------

Current thread (0x000000001a35c000):  JavaThread "C2 CompilerThread0" daemon [_thread_in_native, id=19728, stack(0x000000001aae0000,0x000000001abe0000)]

Stack: [0x000000001aae0000,0x000000001abe0000]
[error occurred during error reporting (printing stack bounds), id 0xc0000005]

Native frames: (J=compiled Java code, j=interpreted, Vv=VM code, C=native code)


Current CompileTask:
C2:    589  699       4       sun.misc.URLClassPath::getResource (83 bytes)


---------------  P R O C E S S  ---------------

Java Threads: ( => current thread )
  0x000000001ba29000 JavaThread "background-preinit" [_thread_in_vm, id=18208, stack(0x000000001cbf0000,0x000000001ccf0000)]
  0x000000001ba2b000 JavaThread "restartedMain" [_thread_blocked, id=8256, stack(0x000000001caf0000,0x000000001cbf0000)]
  0x000000001b847000 JavaThread "Thread-0" [_thread_blocked, id=1888, stack(0x000000001c9f0000,0x000000001caf0000)]
  0x000000001a3f4000 JavaThread "Service Thread" daemon [_thread_blocked, id=13680, stack(0x000000001aee0000,0x000000001afe0000)]
  0x000000001a36e800 JavaThread "C1 CompilerThread3" daemon [_thread_blocked, id=21728, stack(0x000000001ade0000,0x000000001aee0000)]
  0x000000001a35e800 JavaThread "C2 CompilerThread2" daemon [_thread_in_native, id=18808, stack(0x000000001ace0000,0x000000001ade0000)]
  0x000000001a35e000 JavaThread "C2 CompilerThread1" daemon [_thread_in_native, id=16980, stack(0x000000001abe0000,0x000000001ace0000)]
=>0x000000001a35c000 JavaThread "C2 CompilerThread0" daemon [_thread_in_native, id=19728, stack(0x000000001aae0000,0x000000001abe0000)]
  0x000000001a359800 JavaThread "Attach Listener" daemon [_thread_blocked, id=21264, stack(0x000000001a9e0000,0x000000001aae0000)]
  0x000000001a358800 JavaThread "Signal Dispatcher" daemon [_thread_blocked, id=6596, stack(0x000000001a8e0000,0x000000001a9e0000)]
  0x000000000346d800 JavaThread "Finalizer" daemon [_thread_blocked, id=15740, stack(0x000000001a6e0000,0x000000001a7e0000)]
  0x000000000346c000 JavaThread "Reference Handler" daemon [_thread_blocked, id=14260, stack(0x000000001a1e0000,0x000000001a2e0000)]
  0x0000000003374800 JavaThread "main" [_thread_blocked, id=12812, stack(0x0000000003200000,0x0000000003300000)]

Other Threads:
  0x0000000018409800 VMThread [stack: 0x000000001a0e0000,0x000000001a1e0000] [id=22284]
  0x000000001a40e000 WatcherThread [stack: 0x000000001afe0000,0x000000001b0e0000] [id=10656]

VM state:not at safepoint (normal execution)

VM Mutex/Monitor currently owned by a thread: None

Heap:
 PSYoungGen      total 38400K, used 7125K [0x00000000d5d80000, 0x00000000d8800000, 0x0000000100000000)
  eden space 33280K, 11% used [0x00000000d5d80000,0x00000000d6164180,0x00000000d7e00000)
  from space 5120K, 61% used [0x00000000d8300000,0x00000000d8611468,0x00000000d8800000)
  to   space 5120K, 0% used [0x00000000d7e00000,0x00000000d7e00000,0x00000000d8300000)
 ParOldGen       total 87552K, used 24K [0x0000000081800000, 0x0000000086d80000, 0x00000000d5d80000)
  object space 87552K, 0% used [0x0000000081800000,0x0000000081806000,0x0000000086d80000)
 Metaspace       used 8328K, capacity 8522K, committed 8576K, reserved 1056768K
  class space    used 1019K, capacity 1118K, committed 1152K, reserved 1048576K

Card table byte_map: [0x0000000012830000,0x0000000012c30000] byte_map_base: 0x0000000012424000

Marking Bits: (ParMarkBitMap*) 0x000000006c2c08c0
 Begin Bits: [0x00000000136e0000, 0x0000000015680000)
 End Bits:   [0x0000000015680000, 0x0000000017620000)

Polling page: 0x00000000013f0000

CodeCache: size=245760Kb used=2903Kb max_used=2915Kb free=242856Kb
 bounds [0x0000000003470000, 0x0000000003750000, 0x0000000012470000]
 total_blobs=1039 nmethods=736 adapters=216
 compilation: enabled

Compilation events (10 events):
Event: 0.582 Thread 0x000000001a36e800  736       1       sun.reflect.generics.tree.SimpleClassTypeSignature::getDollar (5 bytes)
Event: 0.582 Thread 0x000000001a36e800 nmethod 736 0x0000000003746610 code [0x0000000003746760, 0x0000000003746870]
Event: 0.582 Thread 0x000000001a36e800  739       1       sun.reflect.generics.tree.ClassTypeSignature::getPath (5 bytes)
Event: 0.583 Thread 0x000000001a36e800 nmethod 739 0x0000000003748ad0 code [0x0000000003748c20, 0x0000000003748d30]
Event: 0.583 Thread 0x000000001a35e000 nmethod 700 0x0000000003748d90 code [0x0000000003748f40, 0x0000000003749a18]
Event: 0.583 Thread 0x000000001a35e000  716  s    4       sun.misc.URLClassPath::getNextLoader (88 bytes)
Event: 0.583 Thread 0x000000001a36e800  740       3       java.util.concurrent.locks.AbstractOwnableSynchronizer::setExclusiveOwnerThread (6 bytes)
Event: 0.583 Thread 0x000000001a36e800 nmethod 740 0x0000000003746010 code [0x0000000003746160, 0x00000000037462d0]
Event: 0.587 Thread 0x000000001a36e800  742       1       java.util.Collections$1::hasNext (5 bytes)
Event: 0.587 Thread 0x000000001a36e800 nmethod 742 0x0000000003745d50 code [0x0000000003745ea0, 0x0000000003745fb0]

GC Heap History (4 events):
Event: 0.495 GC heap before
{Heap before GC invocations=1 (full 0):
 PSYoungGen      total 38400K, used 33264K [0x00000000d5d80000, 0x00000000d8800000, 0x0000000100000000)
  eden space 33280K, 99% used [0x00000000d5d80000,0x00000000d7dfc040,0x00000000d7e00000)
  from space 5120K, 0% used [0x00000000d8300000,0x00000000d8300000,0x00000000d8800000)
  to   space 5120K, 0% used [0x00000000d7e00000,0x00000000d7e00000,0x00000000d8300000)
 ParOldGen       total 87552K, used 0K [0x0000000081800000, 0x0000000086d80000, 0x00000000d5d80000)
  object space 87552K, 0% used [0x0000000081800000,0x0000000081800000,0x0000000086d80000)
 Metaspace       used 7278K, capacity 7432K, committed 7680K, reserved 1056768K
  class space    used 855K, capacity 908K, committed 1024K, reserved 1048576K
Event: 0.498 GC heap after
Heap after GC invocations=1 (full 0):
 PSYoungGen      total 38400K, used 3797K [0x00000000d5d80000, 0x00000000d8800000, 0x0000000100000000)
  eden space 33280K, 0% used [0x00000000d5d80000,0x00000000d5d80000,0x00000000d7e00000)
  from space 5120K, 74% used [0x00000000d7e00000,0x00000000d81b5640,0x00000000d8300000)
  to   space 5120K, 0% used [0x00000000d8300000,0x00000000d8300000,0x00000000d8800000)
 ParOldGen       total 87552K, used 16K [0x0000000081800000, 0x0000000086d80000, 0x00000000d5d80000)
  object space 87552K, 0% used [0x0000000081800000,0x0000000081804000,0x0000000086d80000)
 Metaspace       used 7278K, capacity 7432K, committed 7680K, reserved 1056768K
  class space    used 855K, capacity 908K, committed 1024K, reserved 1048576K
}
Event: 0.567 GC heap before
{Heap before GC invocations=2 (full 0):
 PSYoungGen      total 38400K, used 37077K [0x00000000d5d80000, 0x00000000d8800000, 0x0000000100000000)
  eden space 33280K, 100% used [0x00000000d5d80000,0x00000000d7e00000,0x00000000d7e00000)
  from space 5120K, 74% used [0x00000000d7e00000,0x00000000d81b5640,0x00000000d8300000)
  to   space 5120K, 0% used [0x00000000d8300000,0x00000000d8300000,0x00000000d8800000)
 ParOldGen       total 87552K, used 16K [0x0000000081800000, 0x0000000086d80000, 0x00000000d5d80000)
  object space 87552K, 0% used [0x0000000081800000,0x0000000081804000,0x0000000086d80000)
 Metaspace       used 8035K, capacity 8264K, committed 8576K, reserved 1056768K
  class space    used 974K, capacity 1053K, committed 1152K, reserved 1048576K
Event: 0.569 GC heap after
Heap after GC invocations=2 (full 0):
 PSYoungGen      total 38400K, used 3141K [0x00000000d5d80000, 0x00000000d8800000, 0x0000000100000000)
  eden space 33280K, 0% used [0x00000000d5d80000,0x00000000d5d80000,0x00000000d7e00000)
  from space 5120K, 61% used [0x00000000d8300000,0x00000000d8611468,0x00000000d8800000)
  to   space 5120K, 0% used [0x00000000d7e00000,0x00000000d7e00000,0x00000000d8300000)
 ParOldGen       total 87552K, used 24K [0x0000000081800000, 0x0000000086d80000, 0x00000000d5d80000)
  object space 87552K, 0% used [0x0000000081800000,0x0000000081806000,0x0000000086d80000)
 Metaspace       used 8035K, capacity 8264K, committed 8576K, reserved 1056768K
  class space    used 974K, capacity 1053K, committed 1152K, reserved 1048576K
}

Deoptimization events (3 events):
Event: 0.475 Thread 0x0000000003374800 Uncommon trap: reason=range_check action=make_not_entrant pc=0x00000000036deae0 method=sun.reflect.generics.parser.SignatureParser.current()C @ 34
Event: 0.529 Thread 0x000000001ba2b000 Uncommon trap: reason=class_check action=maybe_recompile pc=0x00000000035ff110 method=sun.misc.URLClassPath.getLoader(I)Lsun/misc/URLClassPath$Loader; @ 94
Event: 0.561 Thread 0x000000001ba2b000 Uncommon trap: reason=unstable_if action=reinterpret pc=0x0000000003608a70 method=java.lang.String.indexOf([CII[CIII)I @ 3

Classes redefined (0 events):
No events

Internal exceptions (10 events):
Event: 0.466 Thread 0x0000000003374800 Exception <a 'java/lang/ArrayIndexOutOfBoundsException'> (0x00000000d70a0e50) thrown at [C:\re\workspace\8-2-build-windows-amd64-cygwin\jdk8u171\10807\hotspot\src\share\vm\runtime\sharedRuntime.cpp, line 605]
Event: 0.467 Thread 0x0000000003374800 Exception <a 'java/lang/ArrayIndexOutOfBoundsException'> (0x00000000d70a2bc0) thrown at [C:\re\workspace\8-2-build-windows-amd64-cygwin\jdk8u171\10807\hotspot\src\share\vm\runtime\sharedRuntime.cpp, line 605]
Event: 0.467 Thread 0x0000000003374800 Exception <a 'java/lang/ArrayIndexOutOfBoundsException'> (0x00000000d70a48c0) thrown at [C:\re\workspace\8-2-build-windows-amd64-cygwin\jdk8u171\10807\hotspot\src\share\vm\runtime\sharedRuntime.cpp, line 605]
Event: 0.467 Thread 0x0000000003374800 Exception <a 'java/lang/ArrayIndexOutOfBoundsException'> (0x00000000d70a7060) thrown at [C:\re\workspace\8-2-build-windows-amd64-cygwin\jdk8u171\10807\hotspot\src\share\vm\runtime\sharedRuntime.cpp, line 605]
Event: 0.475 Thread 0x0000000003374800 Exception <a 'java/lang/ArrayIndexOutOfBoundsException'> (0x00000000d70b8428) thrown at [C:\re\workspace\8-2-build-windows-amd64-cygwin\jdk8u171\10807\hotspot\src\share\vm\runtime\sharedRuntime.cpp, line 605]
Event: 0.475 Thread 0x0000000003374800 Exception <a 'java/lang/ArrayIndexOutOfBoundsException'> (0x00000000d70b9d78) thrown at [C:\re\workspace\8-2-build-windows-amd64-cygwin\jdk8u171\10807\hotspot\src\share\vm\runtime\sharedRuntime.cpp, line 605]
Event: 0.475 Thread 0x0000000003374800 Exception <a 'java/lang/ArrayIndexOutOfBoundsException': 179> (0x00000000d70c1d18) thrown at [C:\re\workspace\8-2-build-windows-amd64-cygwin\jdk8u171\10807\hotspot\src\share\vm\interpreter\interpreterRuntime.cpp, line 366]
Event: 0.475 Thread 0x0000000003374800 Exception <a 'java/lang/ArrayIndexOutOfBoundsException': 134> (0x00000000d70c38a8) thrown at [C:\re\workspace\8-2-build-windows-amd64-cygwin\jdk8u171\10807\hotspot\src\share\vm\interpreter\interpreterRuntime.cpp, line 366]
Event: 0.528 Thread 0x000000001b847000 Exception <a 'java/lang/NoSuchMethodError': java.lang.Object.lambda$static$0(Ljava/lang/Throwable;)Lorg/springframework/boot/devtools/restart/FailureHandler$Outcome;> (0x00000000d7a2caf0) thrown at [C:\re\workspace\8-2-build-windows-amd64-cygwin\jdk8u171\
Event: 0.574 Thread 0x000000001ba2b000 Exception <a 'java/io/FileNotFoundException'> (0x00000000d5e0b4a0) thrown at [C:\re\workspace\8-2-build-windows-amd64-cygwin\jdk8u171\10807\hotspot\src\share\vm\prims\jni.cpp, line 709]

Events (10 events):
Event: 0.586 loading class org/springframework/core/convert/support/ArrayToObjectConverter
Event: 0.586 loading class org/springframework/core/convert/support/ArrayToObjectConverter done
Event: 0.587 loading class org/springframework/core/convert/support/ObjectToArrayConverter
Event: 0.587 loading class org/springframework/core/convert/support/ObjectToArrayConverter done
Event: 0.587 loading class org/springframework/core/convert/support/StringToCollectionConverter
Event: 0.587 loading class org/springframework/core/convert/support/StringToCollectionConverter done
Event: 0.588 loading class org/springframework/core/convert/support/CollectionToObjectConverter
Event: 0.588 loading class org/springframework/core/convert/support/CollectionToObjectConverter done
Event: 0.588 loading class org/springframework/core/convert/support/ObjectToCollectionConverter
Event: 0.588 loading class org/springframework/core/convert/support/ObjectToCollectionConverter done


Dynamic libraries:
0x00007ff67f860000 - 0x00007ff67f897000 	C:\Program Files\Java\jre1.8.0_171\bin\javaw.exe
0x00007ffd40800000 - 0x00007ffd409f0000 	C:\WINDOWS\SYSTEM32\ntdll.dll
0x00007ffd3ea80000 - 0x00007ffd3eb32000 	C:\WINDOWS\System32\KERNEL32.DLL
0x00007ffd3dd80000 - 0x00007ffd3e023000 	C:\WINDOWS\System32\KERNELBASE.dll
0x00007ffd40010000 - 0x00007ffd400b3000 	C:\WINDOWS\System32\ADVAPI32.dll
0x00007ffd3f100000 - 0x00007ffd3f19e000 	C:\WINDOWS\System32\msvcrt.dll
0x00007ffd3f440000 - 0x00007ffd3f4d7000 	C:\WINDOWS\System32\sechost.dll
0x00007ffd3fd30000 - 0x00007ffd3fe50000 	C:\WINDOWS\System32\RPCRT4.dll
0x00007ffd3f4e0000 - 0x00007ffd3f674000 	C:\WINDOWS\System32\USER32.dll
0x00007ffd3dd50000 - 0x00007ffd3dd71000 	C:\WINDOWS\System32\win32u.dll
0x00007ffd3fb60000 - 0x00007ffd3fb86000 	C:\WINDOWS\System32\GDI32.dll
0x00007ffd3d7e0000 - 0x00007ffd3d974000 	C:\WINDOWS\System32\gdi32full.dll
0x00007ffd3d740000 - 0x00007ffd3d7de000 	C:\WINDOWS\System32\msvcp_win.dll
0x00007ffd3d980000 - 0x00007ffd3da7a000 	C:\WINDOWS\System32\ucrtbase.dll
0x00007ffd27240000 - 0x00007ffd274c5000 	C:\WINDOWS\WinSxS\amd64_microsoft.windows.common-controls_6595b64144ccf1df_6.0.18362.778_none_e6c6b761130d4fb8\COMCTL32.dll
0x00007ffd3ed50000 - 0x00007ffd3f086000 	C:\WINDOWS\System32\combase.dll
0x00007ffd3dcd0000 - 0x00007ffd3dd50000 	C:\WINDOWS\System32\bcryptPrimitives.dll
0x00007ffd3ed20000 - 0x00007ffd3ed4e000 	C:\WINDOWS\System32\IMM32.DLL
0x000000006c340000 - 0x000000006c412000 	C:\Program Files\Java\jre1.8.0_171\bin\msvcr100.dll
0x000000006baa0000 - 0x000000006c340000 	C:\Program Files\Java\jre1.8.0_171\bin\server\jvm.dll
0x00007ffd3f6e0000 - 0x00007ffd3f6e9000 	C:\WINDOWS\System32\WSOCK32.dll
0x00007ffd3fc10000 - 0x00007ffd3fc7f000 	C:\WINDOWS\System32\WS2_32.dll
0x00007ffd40000000 - 0x00007ffd4000a000 	C:\WINDOWS\System32\VERSION.dll
0x00007ffd407b0000 - 0x00007ffd407b8000 	C:\WINDOWS\System32\PSAPI.DLL
0x00007ffd35650000 - 0x00007ffd35674000 	C:\WINDOWS\SYSTEM32\WINMM.dll
0x00007ffd35620000 - 0x00007ffd3564d000 	C:\WINDOWS\SYSTEM32\winmmbase.dll
0x00007ffd3e030000 - 0x00007ffd3e07a000 	C:\WINDOWS\System32\cfgmgr32.dll
0x000000006d020000 - 0x000000006d02f000 	C:\Program Files\Java\jre1.8.0_171\bin\verify.dll
0x000000006ce90000 - 0x000000006ceb9000 	C:\Program Files\Java\jre1.8.0_171\bin\java.dll
0x000000006ce70000 - 0x000000006ce86000 	C:\Program Files\Java\jre1.8.0_171\bin\zip.dll
0x00007ffd400c0000 - 0x00007ffd407a5000 	C:\WINDOWS\System32\SHELL32.dll
0x00007ffd3e9d0000 - 0x00007ffd3ea79000 	C:\WINDOWS\System32\shcore.dll
0x00007ffd3e0e0000 - 0x00007ffd3e860000 	C:\WINDOWS\System32\windows.storage.dll
0x00007ffd3d710000 - 0x00007ffd3d733000 	C:\WINDOWS\System32\profapi.dll
0x00007ffd3d6a0000 - 0x00007ffd3d6ea000 	C:\WINDOWS\System32\powrprof.dll
0x00007ffd3d670000 - 0x00007ffd3d680000 	C:\WINDOWS\System32\UMPDC.dll
0x00007ffd3f2a0000 - 0x00007ffd3f2f2000 	C:\WINDOWS\System32\shlwapi.dll
0x00007ffd3d6f0000 - 0x00007ffd3d701000 	C:\WINDOWS\System32\kernel.appcore.dll
0x00007ffd3da80000 - 0x00007ffd3da97000 	C:\WINDOWS\System32\cryptsp.dll

VM Arguments:
jvm_args: -Dfile.encoding=UTF-8 
java_command: com.luv2code.spingboot.curddemo.CurddemoApplication
java_class_path (initial): E:\My Study Material\curddemo\curddemo\target\classes;C:\Users\mf11103\.m2\repository\org\springframework\boot\spring-boot-starter-data-jpa\2.2.6.RELEASE\spring-boot-starter-data-jpa-2.2.6.RELEASE.jar;C:\Users\mf11103\.m2\repository\org\springframework\boot\spring-boot-starter-aop\2.2.6.RELEASE\spring-boot-starter-aop-2.2.6.RELEASE.jar;C:\Users\mf11103\.m2\repository\org\springframework\spring-aop\5.2.5.RELEASE\spring-aop-5.2.5.RELEASE.jar;C:\Users\mf11103\.m2\repository\org\aspectj\aspectjweaver\1.9.5\aspectjweaver-1.9.5.jar;C:\Users\mf11103\.m2\repository\org\springframework\boot\spring-boot-starter-jdbc\2.2.6.RELEASE\spring-boot-starter-jdbc-2.2.6.RELEASE.jar;C:\Users\mf11103\.m2\repository\com\zaxxer\HikariCP\3.4.2\HikariCP-3.4.2.jar;C:\Users\mf11103\.m2\repository\org\springframework\spring-jdbc\5.2.5.RELEASE\spring-jdbc-5.2.5.RELEASE.jar;C:\Users\mf11103\.m2\repository\jakarta\activation\jakarta.activation-api\1.2.2\jakarta.activation-api-1.2.2.jar;C:\Users\mf11103\.m2\repository\jakarta\persistence\jakarta.persistence-api\2.2.3\jakarta.persistence-api-2.2.3.jar;C:\Users\mf11103\.m2\repository\jakarta\transaction\jakarta.transaction-api\1.3.3\jakarta.transaction-api-1.3.3.jar;C:\Users\mf11103\.m2\repository\org\hibernate\hibernate-core\5.4.12.Final\hibernate-core-5.4.12.Final.jar;C:\Users\mf11103\.m2\repository\org\jboss\logging\jboss-logging\3.4.1.Final\jboss-logging-3.4.1.Final.jar;C:\Users\mf11103\.m2\repository\org\javassist\javassist\3.24.0-GA\javassist-3.24.0-GA.jar;C:\Users\mf11103\.m2\repository\net\bytebuddy\byte-buddy\1.10.8\byte-buddy-1.10.8.jar;C:\Users\mf11103\.m2\repository\antlr\antlr\2.7.7\antlr-2.7.7.jar;C:\Users\mf11103\.m2\repository\org\jboss\jandex\2.1.1.Final\jandex-2.1.1.Final.jar;C:\Users\mf11103\.m2\repository\com\fasterxml\classmate\1.5.1\classmate-1.5.1.jar;C:\Users\mf11103\.m2\repository\org\dom4j\dom4j\2.1.1\dom4j-2.1.1.jar;C:\Users\mf11103\.m2\repository\org\hibernate\common\hibernate-commons-annotatio
Launcher Type: SUN_STANDARD

Environment Variables:
JAVA_HOME=C:\Program Files\Java\jdk1.7.0_79
CLASSPATH=C:\Program Files\Java\jdk1.7.0_79\bin;%JRE_HOME%\bin;E:\tomcat8Prod\lib;
PATH=C:\WINDOWS\system32;C:\WINDOWS;C:\WINDOWS\system32\Wbem;C:\app\MFMBS\product\12.1.0\dbhome_1\bin;C:\Program Files (x86)\Common Files\Oracle\Java\javapath;C:\WINDOWS\System32\WindowsPowerShell\v1.0\;C:\Program Files\PuTTY\;E:\tomcat8Prod\bin;C:\Program Files\Java\jdk1.7.0_79\bin;C:\WINDOWS\System32\OpenSSH\;C:\Program Files\nodejs\;C:\WINDOWS\System32\Wbem;C:\Users\mf11103\AppData\Local\Programs\Python\Python38-32;C:\Users\mf11103\AppData\Local\Programs\Python\Python38-32\Scripts;C:\Users\mf11103\AppData\Local\Microsoft\WindowsApps;C:\Users\mf11103\AppData\Local\Programs\Git\cmd;;C:\Users\mf11103\AppData\Local\Programs\EmEditor;C:\Users\mf11103\AppData\Local\Programs\Microsoft VS Code\bin
USERNAME=mf11103
OS=Windows_NT
PROCESSOR_IDENTIFIER=Intel64 Family 6 Model 142 Stepping 10, GenuineIntel



---------------  S Y S T E M  ---------------

OS: Windows 10.0 , 64 bit Build 18362 (10.0.18362.778)

CPU:total 8 (initial active 8) (4 cores per cpu, 2 threads per core) family 6 model 142 stepping 10, cmov, cx8, fxsr, mmx, sse, sse2, sse3, ssse3, sse4.1, sse4.2, popcnt, avx, avx2, aes, clmul, erms, 3dnowpref, lzcnt, ht, tsc, tscinvbit, bmi1, bmi2, adx

Memory: 4k page, physical 8282748k(1712272k free), swap 33448572k(4164k free)

vm_info: Java HotSpot(TM) 64-Bit Server VM (25.171-b11) for windows-amd64 JRE (1.8.0_171-b11), built on Mar 28 2018 16:06:12 by "java_re" with MS VC++ 10.0 (VS2010)

time: Tue Apr 28 20:24:40 2020
elapsed time: 0 seconds (0d 0h 0m 0s)

