2020-07-22 18:52:12 [main] INFO  o.s.c.a.AnnotationConfigApplicationContext -
				Refreshing org.springframework.context.annotation.AnnotationConfigApplicationContext@61322f9d: startup date [Wed Jul 22 18:52:12 IST 2020]; root of context hierarchy
2020-07-22 18:52:12 [main] INFO  o.s.b.f.a.AutowiredAnnotationBeanPostProcessor -
				JSR-330 'javax.inject.Inject' annotation found and supported for autowiring
2020-07-22 18:52:12 [main] INFO  o.s.c.s.PostProcessorRegistrationDelegate$BeanPostProcessorChecker -
				Bean 'configurationPropertiesRebinderAutoConfiguration' of type [org.springframework.cloud.autoconfigure.ConfigurationPropertiesRebinderAutoConfiguration$$EnhancerBySpringCGLIB$$5b3d86f8] is not eligible for getting processed by all BeanPostProcessors (for example: not eligible for auto-proxying)
2020-07-22 18:52:13 [main] INFO  o.s.b.w.s.c.AnnotationConfigServletWebServerApplicationContext -
				Refreshing org.springframework.boot.web.servlet.context.AnnotationConfigServletWebServerApplicationContext@5143c662: startup date [Wed Jul 22 18:52:13 IST 2020]; parent: org.springframework.context.annotation.AnnotationConfigApplicationContext@61322f9d
2020-07-22 18:52:14 [main] INFO  o.s.cloud.context.scope.GenericScope -
				BeanFactory id=195d80ee-e54f-35c6-a2ce-8dc1f9abc873
2020-07-22 18:52:14 [main] INFO  o.s.b.f.a.AutowiredAnnotationBeanPostProcessor -
				JSR-330 'javax.inject.Inject' annotation found and supported for autowiring
2020-07-22 18:52:15 [main] INFO  o.s.c.s.PostProcessorRegistrationDelegate$BeanPostProcessorChecker -
				Bean 'org.springframework.cloud.autoconfigure.ConfigurationPropertiesRebinderAutoConfiguration' of type [org.springframework.cloud.autoconfigure.ConfigurationPropertiesRebinderAutoConfiguration$$EnhancerBySpringCGLIB$$5b3d86f8] is not eligible for getting processed by all BeanPostProcessors (for example: not eligible for auto-proxying)
2020-07-22 18:52:16 [main] INFO  o.s.b.w.e.tomcat.TomcatWebServer -
				Tomcat initialized with port(s): 8082 (http)
2020-07-22 18:52:16 [main] INFO  o.a.coyote.http11.Http11NioProtocol -
				Initializing ProtocolHandler ["http-nio-8082"]
2020-07-22 18:52:16 [main] INFO  o.a.catalina.core.StandardService -
				Starting service [Tomcat]
2020-07-22 18:52:16 [main] INFO  o.a.catalina.core.StandardEngine -
				Starting Servlet Engine: Apache Tomcat/8.5.31
2020-07-22 18:52:16 [localhost-startStop-1] INFO  o.a.c.core.AprLifecycleListener -
				Loaded APR based Apache Tomcat Native library [1.2.18] using APR version [1.6.5].
2020-07-22 18:52:16 [localhost-startStop-1] INFO  o.a.c.core.AprLifecycleListener -
				APR capabilities: IPv6 [true], sendfile [true], accept filters [false], random [true].
2020-07-22 18:52:16 [localhost-startStop-1] INFO  o.a.c.core.AprLifecycleListener -
				APR/OpenSSL configuration: useAprConnector [false], useOpenSSL [true]
2020-07-22 18:52:16 [localhost-startStop-1] INFO  o.a.c.core.AprLifecycleListener -
				OpenSSL successfully initialized [OpenSSL 1.1.1  11 Sep 2018]
2020-07-22 18:52:16 [localhost-startStop-1] INFO  o.a.c.c.C.[Tomcat].[localhost].[/] -
				Initializing Spring embedded WebApplicationContext
2020-07-22 18:52:16 [localhost-startStop-1] INFO  o.s.web.context.ContextLoader -
				Root WebApplicationContext: initialization completed in 2595 ms
2020-07-22 18:52:16 [localhost-startStop-1] INFO  o.s.b.w.s.ServletRegistrationBean -
				Servlet dispatcherServlet mapped to [/]
2020-07-22 18:52:16 [localhost-startStop-1] INFO  o.s.b.w.s.FilterRegistrationBean -
				Mapping filter: 'characterEncodingFilter' to: [/*]
2020-07-22 18:52:16 [localhost-startStop-1] INFO  o.s.b.w.s.FilterRegistrationBean -
				Mapping filter: 'hiddenHttpMethodFilter' to: [/*]
2020-07-22 18:52:16 [localhost-startStop-1] INFO  o.s.b.w.s.FilterRegistrationBean -
				Mapping filter: 'httpPutFormContentFilter' to: [/*]
2020-07-22 18:52:16 [localhost-startStop-1] INFO  o.s.b.w.s.FilterRegistrationBean -
				Mapping filter: 'requestContextFilter' to: [/*]
2020-07-22 18:52:19 [main] INFO  org.mongodb.driver.cluster -
				Cluster created with settings {hosts=[mongo:27017], mode=SINGLE, requiredClusterType=UNKNOWN, serverSelectionTimeout='30000 ms', maxWaitQueueSize=500}
2020-07-22 18:52:19 [main] WARN  o.s.data.convert.CustomConversions -
				Registering converter from class org.joda.time.LocalDateTime to class java.time.LocalDateTime as reading converter although it doesn't convert from a store-supported type! You might wanna check you annotation setup at the converter implementation.
2020-07-22 18:52:19 [main] WARN  o.s.data.convert.CustomConversions -
				Registering converter from class org.joda.time.LocalDateTime to class java.time.LocalDateTime as reading converter although it doesn't convert from a store-supported type! You might wanna check you annotation setup at the converter implementation.
2020-07-22 18:52:19 [main] WARN  o.s.data.convert.CustomConversions -
				Registering converter from class org.joda.time.LocalDateTime to class java.time.LocalDateTime as reading converter although it doesn't convert from a store-supported type! You might wanna check you annotation setup at the converter implementation.
2020-07-22 18:52:19 [main] WARN  o.s.data.convert.CustomConversions -
				Registering converter from class org.joda.time.LocalDateTime to class java.time.LocalDateTime as reading converter although it doesn't convert from a store-supported type! You might wanna check you annotation setup at the converter implementation.
2020-07-22 18:52:21 [main] INFO  o.s.w.s.m.m.a.RequestMappingHandlerMapping -
				Mapped "{[/api/v1/note/{userId}],methods=[DELETE]}" onto public org.springframework.http.ResponseEntity<java.lang.String> com.stackroute.keepnote.controller.NoteController.deleteAllNotes(java.lang.String)
2020-07-22 18:52:21 [main] INFO  o.s.w.s.m.m.a.RequestMappingHandlerMapping -
				Mapped "{[/api/v1/note],methods=[POST]}" onto public org.springframework.http.ResponseEntity<?> com.stackroute.keepnote.controller.NoteController.createNote(com.stackroute.keepnote.model.Note)
2020-07-22 18:52:21 [main] INFO  o.s.w.s.m.m.a.RequestMappingHandlerMapping -
				Mapped "{[/api/v1/note/{userId}/{id}],methods=[DELETE]}" onto public org.springframework.http.ResponseEntity<?> com.stackroute.keepnote.controller.NoteController.deleteNote(java.lang.String,int)
2020-07-22 18:52:21 [main] INFO  o.s.w.s.m.m.a.RequestMappingHandlerMapping -
				Mapped "{[/api/v1/note/{userId}/{noteId}],methods=[GET]}" onto public org.springframework.http.ResponseEntity<?> com.stackroute.keepnote.controller.NoteController.getNoteById(java.lang.String,int)
2020-07-22 18:52:21 [main] INFO  o.s.w.s.m.m.a.RequestMappingHandlerMapping -
				Mapped "{[/api/v1/note/{userId}/{id}],methods=[PUT]}" onto public org.springframework.http.ResponseEntity<?> com.stackroute.keepnote.controller.NoteController.updateNote(java.lang.String,int,com.stackroute.keepnote.model.Note)
2020-07-22 18:52:21 [main] INFO  o.s.w.s.m.m.a.RequestMappingHandlerMapping -
				Mapped "{[/api/v1/note/{userId}],methods=[GET]}" onto public org.springframework.http.ResponseEntity<?> com.stackroute.keepnote.controller.NoteController.getAllNoteByUserId(java.lang.String)
2020-07-22 18:52:21 [main] INFO  o.s.w.s.m.m.a.RequestMappingHandlerMapping -
				Mapped "{[/swagger-resources]}" onto public org.springframework.http.ResponseEntity<java.util.List<springfox.documentation.swagger.web.SwaggerResource>> springfox.documentation.swagger.web.ApiResourceController.swaggerResources()
2020-07-22 18:52:21 [main] INFO  o.s.w.s.m.m.a.RequestMappingHandlerMapping -
				Mapped "{[/swagger-resources/configuration/ui]}" onto public org.springframework.http.ResponseEntity<springfox.documentation.swagger.web.UiConfiguration> springfox.documentation.swagger.web.ApiResourceController.uiConfiguration()
2020-07-22 18:52:21 [main] INFO  o.s.w.s.m.m.a.RequestMappingHandlerMapping -
				Mapped "{[/swagger-resources/configuration/security]}" onto public org.springframework.http.ResponseEntity<springfox.documentation.swagger.web.SecurityConfiguration> springfox.documentation.swagger.web.ApiResourceController.securityConfiguration()
2020-07-22 18:52:21 [main] INFO  o.s.w.s.m.m.a.RequestMappingHandlerMapping -
				Mapped "{[/error]}" onto public org.springframework.http.ResponseEntity<java.util.Map<java.lang.String, java.lang.Object>> org.springframework.boot.autoconfigure.web.servlet.error.BasicErrorController.error(javax.servlet.http.HttpServletRequest)
2020-07-22 18:52:21 [main] INFO  o.s.w.s.m.m.a.RequestMappingHandlerMapping -
				Mapped "{[/error],produces=[text/html]}" onto public org.springframework.web.servlet.ModelAndView org.springframework.boot.autoconfigure.web.servlet.error.BasicErrorController.errorHtml(javax.servlet.http.HttpServletRequest,javax.servlet.http.HttpServletResponse)
2020-07-22 18:52:21 [main] INFO  s.d.s.w.PropertySourcedRequestMappingHandlerMapping -
				Mapped URL path [/v2/api-docs] onto method [public org.springframework.http.ResponseEntity<springfox.documentation.spring.web.json.Json> springfox.documentation.swagger2.web.Swagger2Controller.getDocumentation(java.lang.String,javax.servlet.http.HttpServletRequest)]
2020-07-22 18:52:21 [main] WARN  c.n.c.sources.URLConfigurationSource -
				No URLs will be polled as dynamic configuration sources.
2020-07-22 18:52:21 [main] INFO  c.n.c.sources.URLConfigurationSource -
				To enable URLs as dynamic configuration sources, define System property archaius.configurationSource.additionalUrls or make config.properties available on classpath.
2020-07-22 18:52:21 [main] WARN  c.n.c.sources.URLConfigurationSource -
				No URLs will be polled as dynamic configuration sources.
2020-07-22 18:52:21 [main] INFO  c.n.c.sources.URLConfigurationSource -
				To enable URLs as dynamic configuration sources, define System property archaius.configurationSource.additionalUrls or make config.properties available on classpath.
2020-07-22 18:52:21 [main] INFO  o.s.w.s.h.SimpleUrlHandlerMapping -
				Mapped URL path [/**/favicon.ico] onto handler of type [class org.springframework.web.servlet.resource.ResourceHttpRequestHandler]
2020-07-22 18:52:21 [main] INFO  o.s.w.s.m.m.a.RequestMappingHandlerAdapter -
				Looking for @ControllerAdvice: org.springframework.boot.web.servlet.context.AnnotationConfigServletWebServerApplicationContext@5143c662: startup date [Wed Jul 22 18:52:13 IST 2020]; parent: org.springframework.context.annotation.AnnotationConfigApplicationContext@61322f9d
2020-07-22 18:52:21 [main] INFO  o.s.w.s.h.SimpleUrlHandlerMapping -
				Mapped URL path [/webjars/**] onto handler of type [class org.springframework.web.servlet.resource.ResourceHttpRequestHandler]
2020-07-22 18:52:21 [main] INFO  o.s.w.s.h.SimpleUrlHandlerMapping -
				Mapped URL path [/**] onto handler of type [class org.springframework.web.servlet.resource.ResourceHttpRequestHandler]
2020-07-22 18:52:22 [cluster-ClusterId{value='5f183d8ba36198326cf29cb7', description='null'}-mongo:27017] INFO  org.mongodb.driver.cluster -
				Exception in monitor thread while connecting to server mongo:27017
com.mongodb.MongoSocketException: mongo
	at com.mongodb.ServerAddress.getSocketAddress(ServerAddress.java:188)
	at com.mongodb.connection.SocketStreamHelper.initialize(SocketStreamHelper.java:59)
	at com.mongodb.connection.SocketStream.open(SocketStream.java:57)
	at com.mongodb.connection.InternalStreamConnection.open(InternalStreamConnection.java:126)
	at com.mongodb.connection.DefaultServerMonitor$ServerMonitorRunnable.run(DefaultServerMonitor.java:114)
	at java.lang.Thread.run(Unknown Source)
Caused by: java.net.UnknownHostException: mongo
	at java.net.Inet6AddressImpl.lookupAllHostAddr(Native Method)
	at java.net.InetAddress$2.lookupAllHostAddr(Unknown Source)
	at java.net.InetAddress.getAddressesFromNameService(Unknown Source)
	at java.net.InetAddress.getAllByName0(Unknown Source)
	at java.net.InetAddress.getAllByName(Unknown Source)
	at java.net.InetAddress.getAllByName(Unknown Source)
	at java.net.InetAddress.getByName(Unknown Source)
	at com.mongodb.ServerAddress.getSocketAddress(ServerAddress.java:186)
	... 5 common frames omitted
2020-07-22 18:52:25 [main] INFO  o.s.j.e.a.AnnotationMBeanExporter -
				Registering beans for JMX exposure on startup
2020-07-22 18:52:25 [main] INFO  o.s.j.e.a.AnnotationMBeanExporter -
				Bean with name 'refreshScope' has been autodetected for JMX exposure
2020-07-22 18:52:25 [main] INFO  o.s.j.e.a.AnnotationMBeanExporter -
				Bean with name 'configurationPropertiesRebinder' has been autodetected for JMX exposure
2020-07-22 18:52:25 [main] INFO  o.s.j.e.a.AnnotationMBeanExporter -
				Bean with name 'environmentManager' has been autodetected for JMX exposure
2020-07-22 18:52:25 [main] INFO  o.s.j.e.a.AnnotationMBeanExporter -
				Located managed bean 'environmentManager': registering with JMX server as MBean [org.springframework.cloud.context.environment:name=environmentManager,type=EnvironmentManager]
2020-07-22 18:52:25 [main] INFO  o.s.j.e.a.AnnotationMBeanExporter -
				Located managed bean 'refreshScope': registering with JMX server as MBean [org.springframework.cloud.context.scope.refresh:name=refreshScope,type=RefreshScope]
2020-07-22 18:52:25 [main] INFO  o.s.j.e.a.AnnotationMBeanExporter -
				Located managed bean 'configurationPropertiesRebinder': registering with JMX server as MBean [org.springframework.cloud.context.properties:name=configurationPropertiesRebinder,context=5143c662,type=ConfigurationPropertiesRebinder]
2020-07-22 18:52:25 [main] INFO  o.s.c.s.DefaultLifecycleProcessor -
				Starting beans in phase 0
2020-07-22 18:52:25 [main] INFO  o.s.c.n.eureka.InstanceInfoFactory -
				Setting initial instance status as: STARTING
2020-07-22 18:52:25 [main] INFO  c.netflix.discovery.DiscoveryClient -
				Initializing Eureka in region us-east-1
2020-07-22 18:52:25 [main] INFO  c.n.d.p.DiscoveryJerseyProvider -
				Using JSON encoding codec LegacyJacksonJson
2020-07-22 18:52:25 [main] INFO  c.n.d.p.DiscoveryJerseyProvider -
				Using JSON decoding codec LegacyJacksonJson
2020-07-22 18:52:25 [main] INFO  c.n.d.p.DiscoveryJerseyProvider -
				Using XML encoding codec XStreamXml
2020-07-22 18:52:25 [main] INFO  c.n.d.p.DiscoveryJerseyProvider -
				Using XML decoding codec XStreamXml
2020-07-22 18:52:25 [main] INFO  c.n.d.s.r.aws.ConfigClusterResolver -
				Resolving eureka endpoints via configuration
2020-07-22 18:52:26 [main] INFO  c.netflix.discovery.DiscoveryClient -
				Disable delta property : false
2020-07-22 18:52:26 [main] INFO  c.netflix.discovery.DiscoveryClient -
				Single vip registry refresh property : null
2020-07-22 18:52:26 [main] INFO  c.netflix.discovery.DiscoveryClient -
				Force full registry fetch : false
2020-07-22 18:52:26 [main] INFO  c.netflix.discovery.DiscoveryClient -
				Application is null : false
2020-07-22 18:52:26 [main] INFO  c.netflix.discovery.DiscoveryClient -
				Registered Applications size is zero : true
2020-07-22 18:52:26 [main] INFO  c.netflix.discovery.DiscoveryClient -
				Application version is -1: true
2020-07-22 18:52:26 [main] INFO  c.netflix.discovery.DiscoveryClient -
				Getting all instance registry info from the eureka server
2020-07-22 18:52:26 [main] INFO  c.netflix.discovery.DiscoveryClient -
				The response status is 200
2020-07-22 18:52:26 [main] INFO  c.netflix.discovery.DiscoveryClient -
				Starting heartbeat executor: renew interval is: 30
2020-07-22 18:52:26 [main] INFO  c.n.discovery.InstanceInfoReplicator -
				InstanceInfoReplicator onDemand update allowed rate per min is 4
2020-07-22 18:52:26 [main] INFO  c.netflix.discovery.DiscoveryClient -
				Discovery Client initialized at timestamp 1595424146316 with initial instances count: 0
2020-07-22 18:52:26 [main] INFO  o.s.c.n.e.s.EurekaServiceRegistry -
				Registering application NOTE-SERVICE with eureka with status UP
2020-07-22 18:52:26 [main] INFO  c.netflix.discovery.DiscoveryClient -
				Saw local status change event StatusChangeEvent [timestamp=1595424146326, current=UP, previous=STARTING]
2020-07-22 18:52:26 [DiscoveryClient-InstanceInfoReplicator-0] INFO  c.netflix.discovery.DiscoveryClient -
				DiscoveryClient_NOTE-SERVICE/MFSPLLAP115.corp.mfspl.com:note-service:8082: registering service...
2020-07-22 18:52:26 [main] INFO  o.s.c.s.DefaultLifecycleProcessor -
				Starting beans in phase 2147483647
2020-07-22 18:52:26 [main] INFO  s.d.s.w.p.DocumentationPluginsBootstrapper -
				Context refreshed
2020-07-22 18:52:26 [main] INFO  s.d.s.w.p.DocumentationPluginsBootstrapper -
				Found 1 custom documentation plugin(s)
2020-07-22 18:52:26 [DiscoveryClient-InstanceInfoReplicator-0] INFO  c.netflix.discovery.DiscoveryClient -
				DiscoveryClient_NOTE-SERVICE/MFSPLLAP115.corp.mfspl.com:note-service:8082 - registration status: 204
2020-07-22 18:52:26 [main] INFO  s.d.s.w.s.ApiListingReferenceScanner -
				Scanning for api listing references
2020-07-22 18:52:26 [main] INFO  o.a.coyote.http11.Http11NioProtocol -
				Starting ProtocolHandler ["http-nio-8082"]
2020-07-22 18:52:26 [main] INFO  o.a.tomcat.util.net.NioSelectorPool -
				Using a shared selector for servlet write/read
2020-07-22 18:52:26 [main] INFO  o.s.b.w.e.tomcat.TomcatWebServer -
				Tomcat started on port(s): 8082 (http) with context path ''
2020-07-22 18:52:26 [main] INFO  o.s.c.n.e.s.EurekaAutoServiceRegistration -
				Updating port to 8082
2020-07-22 18:52:56 [DiscoveryClient-CacheRefreshExecutor-0] INFO  c.netflix.discovery.DiscoveryClient -
				Disable delta property : false
2020-07-22 18:52:56 [DiscoveryClient-CacheRefreshExecutor-0] INFO  c.netflix.discovery.DiscoveryClient -
				Single vip registry refresh property : null
2020-07-22 18:52:56 [DiscoveryClient-CacheRefreshExecutor-0] INFO  c.netflix.discovery.DiscoveryClient -
				Force full registry fetch : false
2020-07-22 18:52:56 [DiscoveryClient-CacheRefreshExecutor-0] INFO  c.netflix.discovery.DiscoveryClient -
				Application is null : false
2020-07-22 18:52:56 [DiscoveryClient-CacheRefreshExecutor-0] INFO  c.netflix.discovery.DiscoveryClient -
				Registered Applications size is zero : true
2020-07-22 18:52:56 [DiscoveryClient-CacheRefreshExecutor-0] INFO  c.netflix.discovery.DiscoveryClient -
				Application version is -1: false
2020-07-22 18:52:56 [DiscoveryClient-CacheRefreshExecutor-0] INFO  c.netflix.discovery.DiscoveryClient -
				Getting all instance registry info from the eureka server
2020-07-22 18:52:56 [DiscoveryClient-CacheRefreshExecutor-0] INFO  c.netflix.discovery.DiscoveryClient -
				The response status is 200
